<?xml version="1.0" encoding="UTF-8"?>
<!-- Generated by org.testng.reporters.JUnitXMLReporter -->
<testsuite ignored="0" hostname="sathish" failures="1" tests="1" name="Default test" time="174.275" errors="0" timestamp="2025-03-24T12:01:48 IST">
  <testcase classname="AutomationTesting.BchatApp.Gif_And_Stickers_Screen_TestCases" name="PreSetup" time="155.371">
    <failure type="org.openqa.selenium.StaleElementReferenceException" message="The element &amp;apos;By.id: io.beldex.bchat:id/content_view&amp;apos; is not linked to the same object in DOM anymore
For documentation on this error, please visit: https://www.selenium.dev/documentation/webdriver/troubleshooting/errors#stale-element-reference-exception
Build info: version: &amp;apos;4.30.0&amp;apos;, revision: &amp;apos;509c7f17cc*&amp;apos;
System info: os.name: &amp;apos;Windows 11&amp;apos;, os.arch: &amp;apos;amd64&amp;apos;, os.version: &amp;apos;10.0&amp;apos;, java.version: &amp;apos;21.0.3&amp;apos;
Driver info: io.appium.java_client.android.AndroidDriver
Command: [8416bbc3-e8dc-4800-a7b4-3bd2f9652435, clickElement {id=00000000-0000-07f2-ffff-ffff0000075a}]
Capabilities {appium:app: C:\Users\satbi\eclipse-work..., appium:appActivity: io.beldex.bchat.RoutingActi..., appium:appPackage: io.beldex.bchat, appium:autoGrantPermissions: true, appium:automationName: UiAutomator2, appium:databaseEnabled: false, appium:desired: {app: C:\Users\satbi\eclipse-work..., appActivity: io.beldex.bchat.RoutingActi..., appPackage: io.beldex.bchat, autoGrantPermissions: true, automationName: UiAutomator2, deviceName: OnePlus Nord CE 3 Lite 5G, ignoreHiddenApiPolicyError: true, platformName: ANDROID, platformVersion: 14, udid: ad5c6257}, appium:deviceApiLevel: 34, appium:deviceManufacturer: OnePlus, appium:deviceModel: CPH2467, appium:deviceName: ad5c6257, appium:deviceScreenDensity: 480, appium:deviceScreenSize: 1080x2400, appium:deviceUDID: ad5c6257, appium:ignoreHiddenApiPolicyError: true, appium:javascriptEnabled: true, appium:locationContextEnabled: false, appium:networkConnectionEnabled: true, appium:pixelRatio: 3, appium:platformVersion: 14, appium:statBarHeight: 107, appium:takesScreenshot: true, appium:udid: ad5c6257, appium:viewportRect: {height: 2293, left: 0, top: 107, width: 1080}, appium:warnings: {}, appium:webStorageEnabled: false, platformName: ANDROID}
Element: [[AndroidDriver:  on ANDROID (8416bbc3-e8dc-4800-a7b4-3bd2f9652435)] -&amp;gt; id: io.beldex.bchat:id/content_view]
Session ID: 8416bbc3-e8dc-4800-a7b4-3bd2f9652435">
      <![CDATA[org.openqa.selenium.StaleElementReferenceException: The element 'By.id: io.beldex.bchat:id/content_view' is not linked to the same object in DOM anymore
For documentation on this error, please visit: https://www.selenium.dev/documentation/webdriver/troubleshooting/errors#stale-element-reference-exception
Build info: version: '4.30.0', revision: '509c7f17cc*'
System info: os.name: 'Windows 11', os.arch: 'amd64', os.version: '10.0', java.version: '21.0.3'
Driver info: io.appium.java_client.android.AndroidDriver
Command: [8416bbc3-e8dc-4800-a7b4-3bd2f9652435, clickElement {id=00000000-0000-07f2-ffff-ffff0000075a}]
Capabilities {appium:app: C:\Users\satbi\eclipse-work..., appium:appActivity: io.beldex.bchat.RoutingActi..., appium:appPackage: io.beldex.bchat, appium:autoGrantPermissions: true, appium:automationName: UiAutomator2, appium:databaseEnabled: false, appium:desired: {app: C:\Users\satbi\eclipse-work..., appActivity: io.beldex.bchat.RoutingActi..., appPackage: io.beldex.bchat, autoGrantPermissions: true, automationName: UiAutomator2, deviceName: OnePlus Nord CE 3 Lite 5G, ignoreHiddenApiPolicyError: true, platformName: ANDROID, platformVersion: 14, udid: ad5c6257}, appium:deviceApiLevel: 34, appium:deviceManufacturer: OnePlus, appium:deviceModel: CPH2467, appium:deviceName: ad5c6257, appium:deviceScreenDensity: 480, appium:deviceScreenSize: 1080x2400, appium:deviceUDID: ad5c6257, appium:ignoreHiddenApiPolicyError: true, appium:javascriptEnabled: true, appium:locationContextEnabled: false, appium:networkConnectionEnabled: true, appium:pixelRatio: 3, appium:platformVersion: 14, appium:statBarHeight: 107, appium:takesScreenshot: true, appium:udid: ad5c6257, appium:viewportRect: {height: 2293, left: 0, top: 107, width: 1080}, appium:warnings: {}, appium:webStorageEnabled: false, platformName: ANDROID}
Element: [[AndroidDriver:  on ANDROID (8416bbc3-e8dc-4800-a7b4-3bd2f9652435)] -> id: io.beldex.bchat:id/content_view]
Session ID: 8416bbc3-e8dc-4800-a7b4-3bd2f9652435
at java.base/jdk.internal.reflect.DirectConstructorHandleAccessor.newInstance(DirectConstructorHandleAccessor.java:62)
at java.base/java.lang.reflect.Constructor.newInstanceWithCaller(Constructor.java:502)
at java.base/java.lang.reflect.Constructor.newInstance(Constructor.java:486)
at org.openqa.selenium.remote.ErrorCodec.decode(ErrorCodec.java:167)
at org.openqa.selenium.remote.codec.w3c.W3CHttpResponseCodec.decode(W3CHttpResponseCodec.java:138)
at org.openqa.selenium.remote.codec.w3c.W3CHttpResponseCodec.decode(W3CHttpResponseCodec.java:50)
at org.openqa.selenium.remote.HttpCommandExecutor.execute(HttpCommandExecutor.java:215)
at io.appium.java_client.remote.AppiumCommandExecutor.execute(AppiumCommandExecutor.java:237)
at org.openqa.selenium.remote.RemoteWebDriver.execute(RemoteWebDriver.java:545)
at org.openqa.selenium.remote.RemoteWebElement.execute(RemoteWebElement.java:223)
at org.openqa.selenium.remote.RemoteWebElement.click(RemoteWebElement.java:76)
at java.base/jdk.internal.reflect.DirectMethodHandleAccessor.invoke(DirectMethodHandleAccessor.java:103)
at java.base/java.lang.reflect.Method.invoke(Method.java:580)
at io.appium.java_client.pagefactory.ElementInterceptor.getObject(ElementInterceptor.java:42)
at io.appium.java_client.pagefactory.interceptors.InterceptorOfASingleElement.call(InterceptorOfASingleElement.java:79)
at io.appium.java_client.proxy.Interceptor.intercept(Interceptor.java:78)
at org.openqa.selenium.remote.RemoteWebElement$ByteBuddy$2WOvvoWC.click(Unknown Source)
at POM.HomeScreen.ClickFirstContactorGroup(HomeScreen.java:185)
at AutomationTesting.BchatApp.Gif_And_Stickers_Screen_TestCases.PreSetup(Gif_And_Stickers_Screen_TestCases.java:49)
at java.base/jdk.internal.reflect.DirectMethodHandleAccessor.invoke(DirectMethodHandleAccessor.java:103)
at java.base/java.lang.reflect.Method.invoke(Method.java:580)
at org.testng.internal.MethodInvocationHelper.invokeMethod(MethodInvocationHelper.java:133)
at org.testng.internal.TestInvoker.invokeMethod(TestInvoker.java:598)
at org.testng.internal.TestInvoker.invokeTestMethod(TestInvoker.java:173)
at org.testng.internal.MethodRunner.runInSequence(MethodRunner.java:46)
at org.testng.internal.TestInvoker$MethodInvocationAgent.invoke(TestInvoker.java:824)
at org.testng.internal.TestInvoker.invokeTestMethods(TestInvoker.java:146)
at org.testng.internal.TestMethodWorker.invokeTestMethods(TestMethodWorker.java:146)
at org.testng.internal.TestMethodWorker.run(TestMethodWorker.java:128)
at java.base/java.util.ArrayList.forEach(ArrayList.java:1596)
at org.testng.TestRunner.privateRun(TestRunner.java:794)
at org.testng.TestRunner.run(TestRunner.java:596)
at org.testng.SuiteRunner.runTest(SuiteRunner.java:377)
at org.testng.SuiteRunner.runSequentially(SuiteRunner.java:371)
at org.testng.SuiteRunner.privateRun(SuiteRunner.java:332)
at org.testng.SuiteRunner.run(SuiteRunner.java:276)
at org.testng.SuiteRunnerWorker.runSuite(SuiteRunnerWorker.java:53)
at org.testng.SuiteRunnerWorker.run(SuiteRunnerWorker.java:96)
at org.testng.TestNG.runSuitesSequentially(TestNG.java:1212)
at org.testng.TestNG.runSuitesLocally(TestNG.java:1134)
at org.testng.TestNG.runSuites(TestNG.java:1063)
at org.testng.TestNG.run(TestNG.java:1031)
at org.testng.remote.AbstractRemoteTestNG.run(AbstractRemoteTestNG.java:115)
at org.testng.remote.RemoteTestNG.initAndRun(RemoteTestNG.java:293)
at org.testng.remote.RemoteTestNG.main(RemoteTestNG.java:91)
]]>
    </failure>
  </testcase> <!-- PreSetup -->
</testsuite> <!-- Default test -->
