<?xml version="1.0" encoding="UTF-8"?>
<!-- Generated by org.testng.reporters.JUnitXMLReporter -->
<testsuite ignored="0" hostname="sathish" failures="0" tests="5" name="Test" time="132.65" errors="0" timestamp="2025-06-09T15:40:56 IST">
  <testcase classname="AutomationTesting.BchatApp.One_To_One_Chat_Screen_TestCases" name="PreSetup" time="84.877"/>
  <testcase classname="AutomationTesting.BchatApp.One_To_One_Chat_Screen_TestCases" name="To_Validate_whether_chat_with_contact_popup_is_showing_after_user_clicks_on_the_shared_in_chat_screen" time="5.643"/>
  <testcase classname="AutomationTesting.BchatApp.One_To_One_Chat_Screen_TestCases" name="To_Validate_the_working_of_Chat_button_in_chat_with_contact_popup_in_chat_screen" time="3.039"/>
  <testcase classname="AutomationTesting.BchatApp.One_To_One_Chat_Screen_TestCases" name="To_Validate_the_working_of_Cancel_button_in_chat_with_contact_popup_in_chat_screen" time="8.539"/>
  <testcase classname="AutomationTesting.BchatApp.One_To_One_Chat_Screen_TestCases" name="To_Validate_whether_user_is_able_to_share_contact_with_message_as_reply_in_chat_screen" time="11.745"/>
</testsuite> <!-- Test -->
