<?xml version="1.0" encoding="UTF-8"?>
<!-- Generated by org.testng.reporters.JUnitXMLReporter -->
<testsuite ignored="0" hostname="sathish" failures="0" tests="5" name="Test" time="266.512" errors="0" timestamp="2025-05-21T15:41:14 IST">
  <testcase classname="AutomationTesting.BchatApp.One_To_One_Chat_Screen_TestCases" name="PreSetup" time="86.382"/>
  <testcase classname="AutomationTesting.BchatApp.One_To_One_Chat_Screen_TestCases" name="To_Validate_if_already_entered_Inchat_payment_amount_is_present_in_the_message_text_box_after_navigating_back_to_the_home_screen_and_again_come_back_to_chat_screen" time="117.58"/>
  <testcase classname="AutomationTesting.BchatApp.One_To_One_Chat_Screen_TestCases" name="To_Validate_the_working_of_enabled_Inchat_payment_functionality_after_entering_the_empty_space_value_in_the_message_text_box" time="14.144"/>
  <testcase classname="AutomationTesting.BchatApp.One_To_One_Chat_Screen_TestCases" name="To_Validate_the_working_of_enabled_Inchat_payment_functionality_after_entering_the_special_charactrers_in_the_message_text_box" time="11.801"/>
  <testcase classname="AutomationTesting.BchatApp.One_To_One_Chat_Screen_TestCases" name="To_Validate_the_working_of_enabled_Inchat_payment_functionality_after_entering_the_uppercase_and_lowercase_letters_in_the_message_text_box" time="16.074"/>
</testsuite> <!-- Test -->
