<?xml version="1.0" encoding="UTF-8"?>
<testng-results ignored="0" total="7" passed="7" failed="0" skipped="0">
  <reporter-output>
  </reporter-output>
  <suite started-at="2025-06-19T10:52:18 IST" name="Suite" finished-at="2025-06-19T10:53:07 IST" duration-ms="48776">
    <groups>
    </groups>
    <test started-at="2025-06-19T10:52:18 IST" name="Test" finished-at="2025-06-19T10:53:07 IST" duration-ms="48776">
      <class name="AutomationTesting.BchatApp.Restore_Flow_SeedScreen_TestCases">
        <test-method is-config="true" signature="Configure()[pri:0, instance:AutomationTesting.BchatApp.Restore_Flow_SeedScreen_TestCases@7b420819]" started-at="2025-06-19T10:52:18 IST" name="Configure" finished-at="2025-06-19T10:52:36 IST" duration-ms="18648" status="PASS">
          <reporter-output>
          </reporter-output>
        </test-method> <!-- Configure -->
        <test-method signature="PreSetup()[pri:1, instance:AutomationTesting.BchatApp.Restore_Flow_SeedScreen_TestCases@7b420819]" started-at="2025-06-19T10:52:36 IST" name="PreSetup" finished-at="2025-06-19T10:52:37 IST" duration-ms="313" status="PASS">
          <reporter-output>
          </reporter-output>
        </test-method> <!-- PreSetup -->
        <test-method signature="To_Validate_the_Seed_text_box_in_Restore_flow_Seed_screen_by_entering_the_special_characters()[pri:15, instance:AutomationTesting.BchatApp.Restore_Flow_SeedScreen_TestCases@7b420819]" started-at="2025-06-19T10:52:37 IST" name="To_Validate_the_Seed_text_box_in_Restore_flow_Seed_screen_by_entering_the_special_characters" finished-at="2025-06-19T10:52:41 IST" duration-ms="4269" status="PASS">
          <reporter-output>
          </reporter-output>
        </test-method> <!-- To_Validate_the_Seed_text_box_in_Restore_flow_Seed_screen_by_entering_the_special_characters -->
        <test-method signature="To_Validate_the_Seed_text_box_in_Restore_flow_Seed_screen_by_entering_the_numerical_value()[pri:16, instance:AutomationTesting.BchatApp.Restore_Flow_SeedScreen_TestCases@7b420819]" started-at="2025-06-19T10:52:41 IST" name="To_Validate_the_Seed_text_box_in_Restore_flow_Seed_screen_by_entering_the_numerical_value" finished-at="2025-06-19T10:52:46 IST" duration-ms="5082" status="PASS">
          <reporter-output>
          </reporter-output>
        </test-method> <!-- To_Validate_the_Seed_text_box_in_Restore_flow_Seed_screen_by_entering_the_numerical_value -->
        <test-method signature="To_Validate_the_Seed_text_box_in_Restore_flow_Seed_screen_by_entering_the_alphanumeric_value()[pri:17, instance:AutomationTesting.BchatApp.Restore_Flow_SeedScreen_TestCases@7b420819]" started-at="2025-06-19T10:52:46 IST" name="To_Validate_the_Seed_text_box_in_Restore_flow_Seed_screen_by_entering_the_alphanumeric_value" finished-at="2025-06-19T10:52:51 IST" duration-ms="4949" status="PASS">
          <reporter-output>
          </reporter-output>
        </test-method> <!-- To_Validate_the_Seed_text_box_in_Restore_flow_Seed_screen_by_entering_the_alphanumeric_value -->
        <test-method signature="To_Validate_the_Seed_text_box_in_Restore_flow_Seed_screen_by_entering_the_alphabets_both_in_uppercase_and_lowercase_letter()[pri:18, instance:AutomationTesting.BchatApp.Restore_Flow_SeedScreen_TestCases@7b420819]" started-at="2025-06-19T10:52:51 IST" name="To_Validate_the_Seed_text_box_in_Restore_flow_Seed_screen_by_entering_the_alphabets_both_in_uppercase_and_lowercase_letter" finished-at="2025-06-19T10:52:58 IST" duration-ms="7229" status="PASS">
          <reporter-output>
          </reporter-output>
        </test-method> <!-- To_Validate_the_Seed_text_box_in_Restore_flow_Seed_screen_by_entering_the_alphabets_both_in_uppercase_and_lowercase_letter -->
        <test-method signature="To_Validate_the_Seed_text_box_in_Restore_flow_Seed_screen_by_entering_the_HTML_characters()[pri:19, instance:AutomationTesting.BchatApp.Restore_Flow_SeedScreen_TestCases@7b420819]" started-at="2025-06-19T10:52:58 IST" name="To_Validate_the_Seed_text_box_in_Restore_flow_Seed_screen_by_entering_the_HTML_characters" finished-at="2025-06-19T10:53:02 IST" duration-ms="3959" status="PASS">
          <reporter-output>
          </reporter-output>
        </test-method> <!-- To_Validate_the_Seed_text_box_in_Restore_flow_Seed_screen_by_entering_the_HTML_characters -->
        <test-method signature="To_Validate_the_Seed_text_box_in_Restore_flow_Seed_screen_by_entering_the_decimal_value()[pri:20, instance:AutomationTesting.BchatApp.Restore_Flow_SeedScreen_TestCases@7b420819]" started-at="2025-06-19T10:53:02 IST" name="To_Validate_the_Seed_text_box_in_Restore_flow_Seed_screen_by_entering_the_decimal_value" finished-at="2025-06-19T10:53:06 IST" duration-ms="3669" status="PASS">
          <reporter-output>
          </reporter-output>
        </test-method> <!-- To_Validate_the_Seed_text_box_in_Restore_flow_Seed_screen_by_entering_the_decimal_value -->
        <test-method is-config="true" signature="closeApp()[pri:0, instance:AutomationTesting.BchatApp.Restore_Flow_SeedScreen_TestCases@7b420819]" started-at="2025-06-19T10:53:06 IST" name="closeApp" finished-at="2025-06-19T10:53:07 IST" duration-ms="577" status="PASS">
          <reporter-output>
          </reporter-output>
        </test-method> <!-- closeApp -->
      </class> <!-- AutomationTesting.BchatApp.Restore_Flow_SeedScreen_TestCases -->
    </test> <!-- Test -->
  </suite> <!-- Suite -->
</testng-results>
