<?xml version="1.0" encoding="UTF-8"?>
<testng-results ignored="0" total="2" passed="2" failed="0" skipped="0">
  <reporter-output>
  </reporter-output>
  <suite started-at="2025-04-18T13:19:50 IST" name="Suite" finished-at="2025-04-18T13:21:08 IST" duration-ms="78520">
    <groups>
    </groups>
    <test started-at="2025-04-18T13:19:50 IST" name="Test" finished-at="2025-04-18T13:21:08 IST" duration-ms="78520">
      <class name="AutomationTesting.BchatApp.Account_Settings_Screen_TestCases">
        <test-method is-config="true" signature="Configure()[pri:0, instance:AutomationTesting.BchatApp.Account_Settings_Screen_TestCases@35432107]" started-at="2025-04-18T13:19:50 IST" name="Configure" finished-at="2025-04-18T13:20:06 IST" duration-ms="15968" status="PASS">
          <reporter-output>
          </reporter-output>
        </test-method> <!-- Configure -->
        <test-method signature="PreSetup()[pri:0, instance:AutomationTesting.BchatApp.Account_Settings_Screen_TestCases@35432107]" started-at="2025-04-18T13:20:06 IST" name="PreSetup" finished-at="2025-04-18T13:20:59 IST" duration-ms="53485" status="PASS">
          <reporter-output>
          </reporter-output>
        </test-method> <!-- PreSetup -->
        <test-method signature="To_Validate_if_it_goes_to_the_gallery_after_clicking_the_gallery_option_in_the_upload_picture_functionality()[pri:22, instance:AutomationTesting.BchatApp.Account_Settings_Screen_TestCases@35432107]" started-at="2025-04-18T13:20:59 IST" name="To_Validate_if_it_goes_to_the_gallery_after_clicking_the_gallery_option_in_the_upload_picture_functionality" finished-at="2025-04-18T13:21:08 IST" duration-ms="8111" status="PASS">
          <reporter-output>
          </reporter-output>
        </test-method> <!-- To_Validate_if_it_goes_to_the_gallery_after_clicking_the_gallery_option_in_the_upload_picture_functionality -->
        <test-method is-config="true" signature="closeApp()[pri:0, instance:AutomationTesting.BchatApp.Account_Settings_Screen_TestCases@35432107]" started-at="2025-04-18T13:21:08 IST" name="closeApp" finished-at="2025-04-18T13:21:08 IST" duration-ms="927" status="PASS">
          <reporter-output>
          </reporter-output>
        </test-method> <!-- closeApp -->
      </class> <!-- AutomationTesting.BchatApp.Account_Settings_Screen_TestCases -->
    </test> <!-- Test -->
  </suite> <!-- Suite -->
</testng-results>
