<?xml version="1.0" encoding="UTF-8"?>
<!-- Generated by org.testng.reporters.JUnitReportReporter -->
<testsuite hostname="sathish" failures="0" tests="3" name="AutomationTesting.BchatApp.Create_Secret_Group_Screen_TestCases" time="85.587" errors="0" timestamp="2025-07-04T15:50:21 IST" skipped="0">
  <testcase classname="AutomationTesting.BchatApp.Create_Secret_Group_Screen_TestCases" name="PreSetup" time="78.059"/>
  <system-out/>
  <testcase classname="AutomationTesting.BchatApp.Create_Secret_Group_Screen_TestCases" name="To_Validate_the_Group_name_and_Search_contact_text_boxes_in_Secret_group_screen_by_entering_the_alphanumeric_value" time="5.860"/>
  <system-out/>
  <testcase classname="AutomationTesting.BchatApp.Create_Secret_Group_Screen_TestCases" name="To_Validate_the_Group_name_and_Search_contact_text_boxes_in_Secret_group_screen_by_entering_the_decimal_value" time="1.668"/>
  <system-out/>
</testsuite> <!-- AutomationTesting.BchatApp.Create_Secret_Group_Screen_TestCases -->
