<?xml version="1.0" encoding="UTF-8"?>
<!-- Generated by org.testng.reporters.JUnitReportReporter -->
<testsuite hostname="sathish" failures="0" tests="2" name="AutomationTesting.BchatApp.Menu_Drawer_Screen_TestCases" time="192.102" errors="0" timestamp="2025-05-13T18:05:07 IST" skipped="0">
  <testcase classname="AutomationTesting.BchatApp.Menu_Drawer_Screen_TestCases" name="PreSetup" time="71.817"/>
  <system-out/>
  <testcase classname="AutomationTesting.BchatApp.Menu_Drawer_Screen_TestCases" name="To_validate_the_working_of_the_start_wallet_functionality_after_disabling" time="120.285"/>
  <system-out/>
</testsuite> <!-- AutomationTesting.BchatApp.Menu_Drawer_Screen_TestCases -->
