<?xml version="1.0" encoding="UTF-8"?>
<!-- Generated by org.testng.reporters.JUnitReportReporter -->
<testsuite hostname="sathish" failures="0" tests="6" name="AutomationTesting.BchatApp.Restore_Flow_RestoreFromSeedScreen_TestCases" time="21.999" errors="0" timestamp="2025-06-20T13:07:55 IST" skipped="0">
  <testcase classname="AutomationTesting.BchatApp.Restore_Flow_RestoreFromSeedScreen_TestCases" name="preSetup" time="5.565"/>
  <system-out/>
  <testcase classname="AutomationTesting.BchatApp.Restore_Flow_RestoreFromSeedScreen_TestCases" name="To_Validate_the_Seed_text_box_in_Restore_flow_Seed_screen_by_entering_the_special_characters" time="3.217"/>
  <system-out/>
  <testcase classname="AutomationTesting.BchatApp.Restore_Flow_RestoreFromSeedScreen_TestCases" name="To_Validate_the_Seed_text_box_in_Restore_flow_Seed_screen_by_entering_the_empty_space_value_To_validate_whether_the_value_entered_in_the_Display_name_text_box_of_Restore_from_seed_screen_is_editable_and_deleteable" time="3.634"/>
  <system-out/>
  <testcase classname="AutomationTesting.BchatApp.Restore_Flow_RestoreFromSeedScreen_TestCases" name="To_Validate_the_Seed_text_box_in_Restore_flow_Seed_screen_by_entering_the_numerical_value" time="2.930"/>
  <system-out/>
  <testcase classname="AutomationTesting.BchatApp.Restore_Flow_RestoreFromSeedScreen_TestCases" name="To_Validate_the_Seed_text_box_in_Restore_flow_Seed_screen_by_entering_the_alphanumeric_value" time="3.613"/>
  <system-out/>
  <testcase classname="AutomationTesting.BchatApp.Restore_Flow_RestoreFromSeedScreen_TestCases" name="To_Validate_the_Seed_text_box_in_Restore_flow_Seed_screen_by_entering_the_decimal_value" time="3.040"/>
  <system-out/>
</testsuite> <!-- AutomationTesting.BchatApp.Restore_Flow_RestoreFromSeedScreen_TestCases -->
