<?xml version="1.0" encoding="UTF-8"?>
<!-- Generated by org.testng.reporters.JUnitReportReporter -->
<testsuite hostname="sathish" failures="0" tests="5" name="AutomationTesting.BchatApp.Gif_And_Stickers_Screen_TestCases" time="299.005" errors="0" timestamp="2025-03-24T15:48:29 IST" skipped="0">
  <testcase classname="AutomationTesting.BchatApp.Gif_And_Stickers_Screen_TestCases" name="PreSetup" time="96.033"/>
  <system-out/>
  <testcase classname="AutomationTesting.BchatApp.Gif_And_Stickers_Screen_TestCases" name="To_validate_whether_the_user_is_able_to_save_Gif_in_chat_screen" time="78.379"/>
  <system-out/>
  <testcase classname="AutomationTesting.BchatApp.Gif_And_Stickers_Screen_TestCases" name="To_validate_whether_the_user_is_able_to_multiselect_Gif_in_Gif_and_Stickers_screen" time="57.299"/>
  <system-out/>
  <testcase classname="AutomationTesting.BchatApp.Gif_And_Stickers_Screen_TestCases" name="To_validate_whether_the_user_is_able_to_navigate_between_Gif_and_Stickers_option_in_Gif_and_Stickers_screen" time="58.582"/>
  <system-out/>
  <testcase classname="AutomationTesting.BchatApp.Gif_And_Stickers_Screen_TestCases" name="To_validate_whether_the_user_is_able_to_delete_Gif_and_Stickers_by_multiselecting_in_all_media_screen" time="8.712"/>
  <system-out/>
</testsuite> <!-- AutomationTesting.BchatApp.Gif_And_Stickers_Screen_TestCases -->
