<?xml version="1.0" encoding="UTF-8"?>
<!-- Generated by org.testng.reporters.JUnitReportReporter -->
<testsuite hostname="sathish" failures="0" tests="2" name="AutomationTesting.BchatApp.Account_Settings_Screen_TestCases" time="231.943" errors="0" timestamp="2025-04-21T16:31:00 IST" skipped="0">
  <testcase classname="AutomationTesting.BchatApp.Account_Settings_Screen_TestCases" name="PreSetup" time="71.767"/>
  <system-out/>
  <testcase classname="AutomationTesting.BchatApp.Account_Settings_Screen_TestCases" name="To_Validate_whether_user_is_able_to_change_the_profile_picture_multiple_times" time="160.176"/>
  <system-out/>
</testsuite> <!-- AutomationTesting.BchatApp.Account_Settings_Screen_TestCases -->
