<?xml version="1.0" encoding="UTF-8"?>
<!-- Generated by org.testng.reporters.JUnitReportReporter -->
<testsuite hostname="sathish" failures="0" tests="5" name="AutomationTesting.BchatApp.New_Chat_Screen_TestCases" time="103.409" errors="0" timestamp="2025-07-04T12:44:36 IST" skipped="0">
  <testcase classname="AutomationTesting.BchatApp.New_Chat_Screen_TestCases" name="PreSetup" time="86.977"/>
  <system-out/>
  <testcase classname="AutomationTesting.BchatApp.New_Chat_Screen_TestCases" name="To_validate_the_Chat_ID_or_BNS_Name_text_box_in_New_screen_by_entering_the_HTML_characters" time="6.210"/>
  <system-out/>
  <testcase classname="AutomationTesting.BchatApp.New_Chat_Screen_TestCases" name="To_validate_the_Chat_ID_or_BNS_Name_text_box_in_New_screen_by_entering_alphabets_both_in_upper_case_and_lower_case_letter" time="2.216"/>
  <system-out/>
  <testcase classname="AutomationTesting.BchatApp.New_Chat_Screen_TestCases" name="To_validate_whether_the_user_pastes_a_larger_amount_of_text_in_the_Chat_ID_or_BNS_Name_text_box_in_New_screen" time="3.607"/>
  <system-out/>
  <testcase classname="AutomationTesting.BchatApp.New_Chat_Screen_TestCases" name="To_validate_if_the_text_already_entered_is_displayed_in_the_Chat_ID_or_BNS_Name_text_box_after_user_cancels_the_Chat_ID_or_BNS_Name_text_box_and_again_open_the_Chat_ID_or_BNS_Name_text_box_in_New_screen" time="4.399"/>
  <system-out/>
</testsuite> <!-- AutomationTesting.BchatApp.New_Chat_Screen_TestCases -->
