<?xml version="1.0" encoding="UTF-8"?>
<!-- Generated by org.testng.reporters.JUnitReportReporter -->
<testsuite hostname="sathish" failures="0" tests="6" name="AutomationTesting.BchatApp.My_Wallet_Screen_TestCases_In_Create_Account_Flow" time="79.276" errors="0" timestamp="2025-10-28T18:06:21 IST" skipped="0">
  <testcase classname="AutomationTesting.BchatApp.My_Wallet_Screen_TestCases_In_Create_Account_Flow" name="PreSetup" time="44.565"/>
  <system-out/>
  <testcase classname="AutomationTesting.BchatApp.My_Wallet_Screen_TestCases_In_Create_Account_Flow" name="To_Validate_the_Node_Name_text_box_in_the_wallet_Node_screen_by_entering_the_special_characters" time="29.266"/>
  <system-out/>
  <testcase classname="AutomationTesting.BchatApp.My_Wallet_Screen_TestCases_In_Create_Account_Flow" name="To_Validate_the_Node_address_text_box_in_the_wallet_Node_screen_by_entering_the_numerical_value_To_validate_whether_the_value_entered_in_the_Node_address_text_box_of_My_wallet_node_screen_is_editable_and_deleteable" time="1.124"/>
  <system-out/>
  <testcase classname="AutomationTesting.BchatApp.My_Wallet_Screen_TestCases_In_Create_Account_Flow" name="To_Validate_the_Node_Name_text_box_in_the_wallet_Node_screen_by_entering_the_alphabets_both_in_uppercase_lowercase_letter" time="2.103"/>
  <system-out/>
  <testcase classname="AutomationTesting.BchatApp.My_Wallet_Screen_TestCases_In_Create_Account_Flow" name="To_Validate_the_Node_Name_text_box_in_the_wallet_Node_screen_by_entering_the_alphanumeric_value" time="1.137"/>
  <system-out/>
  <testcase classname="AutomationTesting.BchatApp.My_Wallet_Screen_TestCases_In_Create_Account_Flow" name="To_Validate_the_Node_Name_text_box_in_the_wallet_Node_screen_by_entering_the_decimal_value" time="1.081"/>
  <system-out/>
</testsuite> <!-- AutomationTesting.BchatApp.My_Wallet_Screen_TestCases_In_Create_Account_Flow -->
