<?xml version="1.0" encoding="UTF-8"?>
<!-- Generated by org.testng.reporters.JUnitReportReporter -->
<testsuite hostname="sathish" failures="0" tests="5" name="AutomationTesting.BchatApp.Secret_Group_Info_Screen_TestCases" time="101.672" errors="0" timestamp="2025-04-01T16:41:06 IST" skipped="0">
  <testcase classname="AutomationTesting.BchatApp.Secret_Group_Info_Screen_TestCases" name="PreSetup" time="85.147"/>
  <system-out/>
  <testcase classname="AutomationTesting.BchatApp.Secret_Group_Info_Screen_TestCases" name="To_validate_whether_cursor_blinks_inside_the_search_textbox_in_secret_group_info_screen" time="15.488"/>
  <system-out/>
  <testcase classname="AutomationTesting.BchatApp.Secret_Group_Info_Screen_TestCases" name="To_validate_presence_of_placeholder_inside_the_search_textbox_in_secret_group_info_screen" time="0.319"/>
  <system-out/>
  <testcase classname="AutomationTesting.BchatApp.Secret_Group_Info_Screen_TestCases" name="To_validate_the_search_textbox_in_secret_group_info_screen_by_entering_the_empty_space_value" time="0.365"/>
  <system-out/>
  <testcase classname="AutomationTesting.BchatApp.Secret_Group_Info_Screen_TestCases" name="To_validate_the_search_textbox_in_secret_group_info_screen_by_entering_the_special_characters_To_validate_whether_the_value_entered_in_search_text_box_of_Secret_group_info_screen_is_editable_deletable" time="0.353"/>
  <system-out/>
</testsuite> <!-- AutomationTesting.BchatApp.Secret_Group_Info_Screen_TestCases -->
