<?xml version="1.0" encoding="UTF-8"?>
<!-- Generated by org.testng.reporters.JUnitReportReporter -->
<testsuite hostname="sathish" failures="0" tests="4" name="AutomationTesting.BchatApp.Menu_Drawer_Screen_TestCases" time="408.120" errors="0" timestamp="2025-05-16T14:26:06 IST" skipped="0">
  <testcase classname="AutomationTesting.BchatApp.Menu_Drawer_Screen_TestCases" name="PreSetup" time="133.383"/>
  <system-out/>
  <testcase classname="AutomationTesting.BchatApp.Menu_Drawer_Screen_TestCases" name="To_validate_whether_the_user_is_able_to_enable_Pay_As_You_Chat_without_internet_after_enabling_Start_wallet_option" time="90.395"/>
  <system-out/>
  <testcase classname="AutomationTesting.BchatApp.Menu_Drawer_Screen_TestCases" name="To_validate_whether_the_user_is_able_to_enable_wallet_option_without_internet_after_enabling_Start_wallet_option" time="84.861"/>
  <system-out/>
  <testcase classname="AutomationTesting.BchatApp.Menu_Drawer_Screen_TestCases" name="To_validate_whether_the_user_is_able_to_disable_Start_wallet_option_without_internet" time="99.481"/>
  <system-out/>
</testsuite> <!-- AutomationTesting.BchatApp.Menu_Drawer_Screen_TestCases -->
