<?xml version="1.0" encoding="UTF-8"?>
<!-- Generated by org.testng.reporters.JUnitReportReporter -->
<testsuite hostname="sathish" failures="0" tests="5" name="AutomationTesting.BchatApp.One_To_One_Chat_Screen_TestCases" time="242.858" errors="0" timestamp="2025-06-05T15:51:48 IST" skipped="0">
  <testcase classname="AutomationTesting.BchatApp.One_To_One_Chat_Screen_TestCases" name="PreSetup" time="90.584"/>
  <system-out/>
  <testcase classname="AutomationTesting.BchatApp.One_To_One_Chat_Screen_TestCases" name="To_Validate_if_list_of_contacts_are_displayed_in_Send_Contact_screen_after_entering_more_than_invalid_two_characters_and_deleting_these_characters_in_search_contact_text_box" time="51.185"/>
  <system-out/>
  <testcase classname="AutomationTesting.BchatApp.One_To_One_Chat_Screen_TestCases" name="To_Validate_whether_list_of_contacts_are_showing_in_Send_Contact_screen_after_deleting_the_entered_lengthy_invalid_characters_in_search_contact_text_box" time="1.281"/>
  <system-out/>
  <testcase classname="AutomationTesting.BchatApp.One_To_One_Chat_Screen_TestCases" name="To_Validate_if_text_already_entered_is_displayed_in_Search_Contact_text_box_after_navigating_from_Send_Contact_screen_to_Chat_screen_and_again_Chat_screen_to_Send_Contact_screen" time="10.895"/>
  <system-out/>
  <testcase classname="AutomationTesting.BchatApp.One_To_One_Chat_Screen_TestCases" name="To_Validate_whether_the_user_is_able_to_share_contact_without_internet" time="88.913"/>
  <system-out/>
</testsuite> <!-- AutomationTesting.BchatApp.One_To_One_Chat_Screen_TestCases -->
