<?xml version="1.0" encoding="UTF-8"?>
<!-- Generated by org.testng.reporters.JUnitReportReporter -->
<testsuite hostname="sathish" failures="0" tests="4" name="AutomationTesting.BchatApp.Secret_Group_Info_Screen_TestCases" time="122.512" errors="0" timestamp="2025-04-03T13:19:28 IST" skipped="0">
  <testcase classname="AutomationTesting.BchatApp.Secret_Group_Info_Screen_TestCases" name="PreSetup" time="86.819"/>
  <system-out/>
  <testcase classname="AutomationTesting.BchatApp.Secret_Group_Info_Screen_TestCases" name="To_validate_whether_the_paste_option_is_working_on_the_Search_textbox_in_Secret_group_info_screen" time="31.950"/>
  <system-out/>
  <testcase classname="AutomationTesting.BchatApp.Secret_Group_Info_Screen_TestCases" name="To_validate_whether_the_crown_symbol_is_showing_for_group_admin_in_Secret_group_info_screen" time="1.032"/>
  <system-out/>
  <testcase classname="AutomationTesting.BchatApp.Secret_Group_Info_Screen_TestCases" name="To_validate_whether_value_entered_in_the_Search_textbox_getting_cleared_after_navigate_out_of_that_screen" time="2.711"/>
  <system-out/>
</testsuite> <!-- AutomationTesting.BchatApp.Secret_Group_Info_Screen_TestCases -->
