<?xml version="1.0" encoding="UTF-8"?>
<!-- Generated by org.testng.reporters.JUnitReportReporter -->
<testsuite hostname="sathish" failures="0" tests="7" name="AutomationTesting.BchatApp.Archived_Chats_Screen_TestCases" time="134.922" errors="0" timestamp="2025-09-19T12:10:52 IST" skipped="0">
  <testcase classname="AutomationTesting.BchatApp.Archived_Chats_Screen_TestCases" name="PreSetup" time="85.246"/>
  <system-out/>
  <testcase classname="AutomationTesting.BchatApp.Archived_Chats_Screen_TestCases" name="To_Validate_the_message_text_box_on_the_Archieved_chat_screen_by_entering_the_alphabets_both_uppercase_and_lowercase_letter" time="20.294"/>
  <system-out/>
  <testcase classname="AutomationTesting.BchatApp.Archived_Chats_Screen_TestCases" name="To_Validate_the_message_text_box_on_the_Archieved_chat_screen_by_entering_the_alphanumeric_value" time="4.430"/>
  <system-out/>
  <testcase classname="AutomationTesting.BchatApp.Archived_Chats_Screen_TestCases" name="To_Validate_the_message_text_box_on_the_Archieved_chat_screen_by_entering_the_HTML_value" time="4.611"/>
  <system-out/>
  <testcase classname="AutomationTesting.BchatApp.Archived_Chats_Screen_TestCases" name="To_Validate_the_message_text_box_on_the_Archieved_chat_screen_by_entering_the_decimal_value" time="4.371"/>
  <system-out/>
  <testcase classname="AutomationTesting.BchatApp.Archived_Chats_Screen_TestCases" name="To_Validate_whether_user_is_able_to_paste_long_text_in_message_text_box_on_the_Archieved_chat_screen" time="5.336"/>
  <system-out/>
  <testcase classname="AutomationTesting.BchatApp.Archived_Chats_Screen_TestCases" name="To_Validate_if_already_entered_text_is_displayed_in_the_message_textbox_after_navigating_to_home_screen_and_back_to_Archive_chat_screen" time="10.634"/>
  <system-out/>
</testsuite> <!-- AutomationTesting.BchatApp.Archived_Chats_Screen_TestCases -->
