<?xml version="1.0" encoding="UTF-8"?>
<!-- Generated by org.testng.reporters.JUnitReportReporter -->
<testsuite hostname="sathish" failures="0" tests="6" name="AutomationTesting.BchatApp.Create_Secret_Group_Screen_TestCases" time="100.946" errors="0" timestamp="2025-07-09T17:04:42 IST" skipped="0">
  <testcase classname="AutomationTesting.BchatApp.Create_Secret_Group_Screen_TestCases" name="PreSetup" time="78.679"/>
  <system-out/>
  <testcase classname="AutomationTesting.BchatApp.Create_Secret_Group_Screen_TestCases" name="To_Validate_the_Group_name_and_Search_contact_text_boxes_in_Secret_group_screen_by_entering_the_alphanumeric_value" time="6.050"/>
  <system-out/>
  <testcase classname="AutomationTesting.BchatApp.Create_Secret_Group_Screen_TestCases" name="To_Validate_the_Group_name_and_Search_contact_text_boxes_in_Secret_group_screen_by_entering_the_decimal_value" time="1.864"/>
  <system-out/>
  <testcase classname="AutomationTesting.BchatApp.Create_Secret_Group_Screen_TestCases" name="To_Validate_the_Group_name_and_Search_contact_text_boxes_in_Secret_group_screen_by_entering_the_HTML_value" time="1.796"/>
  <system-out/>
  <testcase classname="AutomationTesting.BchatApp.Create_Secret_Group_Screen_TestCases" name="To_Validate_the_user_pastes_a_larger_amount_of_text_in_the_Group_name_and_Search_contact_text_boxes_in_Secret_group_screen" time="4.245"/>
  <system-out/>
  <testcase classname="AutomationTesting.BchatApp.Create_Secret_Group_Screen_TestCases" name="To_Validate_if_the_text_already_entered_is_displayed_in_the_Group_name_and_Search_contact_text_boxes_in_Secret_group_screen_after_user_navigates_to_home_screen_and_come_back_to_this_screen" time="8.312"/>
  <system-out/>
</testsuite> <!-- AutomationTesting.BchatApp.Create_Secret_Group_Screen_TestCases -->
