<?xml version="1.0" encoding="UTF-8"?>
<!-- Generated by org.testng.reporters.JUnitReportReporter -->
<testsuite hostname="sathish" failures="1" tests="2" name="AutomationTesting.BchatApp.Account_Settings_Screen_TestCases" time="48.017" errors="0" timestamp="2025-07-23T11:43:50 IST" skipped="0">
  <testcase classname="AutomationTesting.BchatApp.Account_Settings_Screen_TestCases" name="PreSetup" time="42.340"/>
  <system-out/>
  <testcase classname="AutomationTesting.BchatApp.Account_Settings_Screen_TestCases" name="To_validate_if_text_that_was_already_entered_is_displayed_in_the_BNS_Name_text_box_on_the_Account_Settings_screen_after_canceling_and_reopening_the_Link_BNS_popup" time="5.677">
    <failure message="expected [Test] but found [test]" type="java.lang.AssertionError">
      <![CDATA[java.lang.AssertionError: expected [Test] but found [test]
at org.testng.Assert.fail(Assert.java:99)
at org.testng.Assert.failNotEquals(Assert.java:1037)
at org.testng.Assert.assertEqualsImpl(Assert.java:140)
at org.testng.Assert.assertEquals(Assert.java:122)
at org.testng.Assert.assertEquals(Assert.java:629)
at org.testng.Assert.assertEquals(Assert.java:639)
at AutomationTesting.BchatApp.Account_Settings_Screen_TestCases.To_validate_if_text_that_was_already_entered_is_displayed_in_the_BNS_Name_text_box_on_the_Account_Settings_screen_after_canceling_and_reopening_the_Link_BNS_popup(Account_Settings_Screen_TestCases.java:791)
at java.base/jdk.internal.reflect.DirectMethodHandleAccessor.invoke(DirectMethodHandleAccessor.java:103)
at java.base/java.lang.reflect.Method.invoke(Method.java:580)
at org.testng.internal.MethodInvocationHelper.invokeMethod(MethodInvocationHelper.java:133)
at org.testng.internal.TestInvoker.invokeMethod(TestInvoker.java:598)
at org.testng.internal.TestInvoker.invokeTestMethod(TestInvoker.java:173)
at org.testng.internal.MethodRunner.runInSequence(MethodRunner.java:46)
at org.testng.internal.TestInvoker$MethodInvocationAgent.invoke(TestInvoker.java:824)
at org.testng.internal.TestInvoker.invokeTestMethods(TestInvoker.java:146)
at org.testng.internal.TestMethodWorker.invokeTestMethods(TestMethodWorker.java:146)
at org.testng.internal.TestMethodWorker.run(TestMethodWorker.java:128)
at java.base/java.util.ArrayList.forEach(ArrayList.java:1596)
at org.testng.TestRunner.privateRun(TestRunner.java:794)
at org.testng.TestRunner.run(TestRunner.java:596)
at org.testng.SuiteRunner.runTest(SuiteRunner.java:377)
at org.testng.SuiteRunner.runSequentially(SuiteRunner.java:371)
at org.testng.SuiteRunner.privateRun(SuiteRunner.java:332)
at org.testng.SuiteRunner.run(SuiteRunner.java:276)
at org.testng.SuiteRunnerWorker.runSuite(SuiteRunnerWorker.java:53)
at org.testng.SuiteRunnerWorker.run(SuiteRunnerWorker.java:96)
at org.testng.TestNG.runSuitesSequentially(TestNG.java:1212)
at org.testng.TestNG.runSuitesLocally(TestNG.java:1134)
at org.testng.TestNG.runSuites(TestNG.java:1063)
at org.testng.TestNG.run(TestNG.java:1031)
at org.testng.remote.AbstractRemoteTestNG.run(AbstractRemoteTestNG.java:115)
at org.testng.remote.RemoteTestNG.initAndRun(RemoteTestNG.java:293)
at org.testng.remote.RemoteTestNG.main(RemoteTestNG.java:91)
]]>
    </failure>
  </testcase> <!-- To_validate_if_text_that_was_already_entered_is_displayed_in_the_BNS_Name_text_box_on_the_Account_Settings_screen_after_canceling_and_reopening_the_Link_BNS_popup -->
  <system-out/>
</testsuite> <!-- AutomationTesting.BchatApp.Account_Settings_Screen_TestCases -->
