<?xml version="1.0" encoding="UTF-8"?>
<!-- Generated by org.testng.reporters.JUnitReportReporter -->
<testsuite hostname="sathish" failures="0" tests="5" name="AutomationTesting.BchatApp.Archived_Chats_Screen_TestCases" time="113.101" errors="0" timestamp="2025-09-18T12:04:14 IST" skipped="0">
  <testcase classname="AutomationTesting.BchatApp.Archived_Chats_Screen_TestCases" name="PreSetup" time="85.529"/>
  <system-out/>
  <testcase classname="AutomationTesting.BchatApp.Archived_Chats_Screen_TestCases" name="To_Validate_the_cursor_blinks_and_presence_of_placeholder_in_the_message_text_box_on_the_Archieved_chat_screen" time="14.716"/>
  <system-out/>
  <testcase classname="AutomationTesting.BchatApp.Archived_Chats_Screen_TestCases" name="To_Validate_the_message_text_box_on_the_Archieved_chat_screen_by_entering_the_empty_space" time="3.761"/>
  <system-out/>
  <testcase classname="AutomationTesting.BchatApp.Archived_Chats_Screen_TestCases" name="To_validate_the_message_textbox_in_Archive_chat_screen_by_entering_the_special_characters_To_validate_whether_the_value_entered_in_message_text_box_of_Archive_chat_screen_is_editable_deletable" time="4.552"/>
  <system-out/>
  <testcase classname="AutomationTesting.BchatApp.Archived_Chats_Screen_TestCases" name="To_Validate_the_message_text_box_on_the_Archieved_chat_screen_by_entering_the_numerical_value" time="4.543"/>
  <system-out/>
</testsuite> <!-- AutomationTesting.BchatApp.Archived_Chats_Screen_TestCases -->
