<?xml version="1.0" encoding="UTF-8"?>
<!-- Generated by org.testng.reporters.JUnitReportReporter -->
<testsuite hostname="sathish" failures="0" tests="7" name="AutomationTesting.BchatApp.Restore_Flow_SeedScreen_TestCases" time="29.470" errors="0" timestamp="2025-06-19T10:53:07 IST" skipped="0">
  <testcase classname="AutomationTesting.BchatApp.Restore_Flow_SeedScreen_TestCases" name="PreSetup" time="0.313"/>
  <system-out/>
  <testcase classname="AutomationTesting.BchatApp.Restore_Flow_SeedScreen_TestCases" name="To_Validate_the_Seed_text_box_in_Restore_flow_Seed_screen_by_entering_the_special_characters" time="4.269"/>
  <system-out/>
  <testcase classname="AutomationTesting.BchatApp.Restore_Flow_SeedScreen_TestCases" name="To_Validate_the_Seed_text_box_in_Restore_flow_Seed_screen_by_entering_the_numerical_value" time="5.082"/>
  <system-out/>
  <testcase classname="AutomationTesting.BchatApp.Restore_Flow_SeedScreen_TestCases" name="To_Validate_the_Seed_text_box_in_Restore_flow_Seed_screen_by_entering_the_alphanumeric_value" time="4.949"/>
  <system-out/>
  <testcase classname="AutomationTesting.BchatApp.Restore_Flow_SeedScreen_TestCases" name="To_Validate_the_Seed_text_box_in_Restore_flow_Seed_screen_by_entering_the_alphabets_both_in_uppercase_and_lowercase_letter" time="7.229"/>
  <system-out/>
  <testcase classname="AutomationTesting.BchatApp.Restore_Flow_SeedScreen_TestCases" name="To_Validate_the_Seed_text_box_in_Restore_flow_Seed_screen_by_entering_the_HTML_characters" time="3.959"/>
  <system-out/>
  <testcase classname="AutomationTesting.BchatApp.Restore_Flow_SeedScreen_TestCases" name="To_Validate_the_Seed_text_box_in_Restore_flow_Seed_screen_by_entering_the_decimal_value" time="3.669"/>
  <system-out/>
</testsuite> <!-- AutomationTesting.BchatApp.Restore_Flow_SeedScreen_TestCases -->
