<?xml version="1.0" encoding="UTF-8"?>
<!-- Generated by org.testng.reporters.JUnitReportReporter -->
<testsuite hostname="sathish" failures="0" tests="2" name="AutomationTesting.BchatApp.Secret_Group_Chat_Screen_TestCases" time="93.512" errors="0" timestamp="2025-09-11T12:03:08 IST" skipped="0">
  <testcase classname="AutomationTesting.BchatApp.Secret_Group_Chat_Screen_TestCases" name="PreSetup" time="85.505"/>
  <system-out/>
  <testcase classname="AutomationTesting.BchatApp.Secret_Group_Chat_Screen_TestCases" name="To_validate_the_working_of_Cancel_icon_inside_the_Search_Contact_text_box_in_Select_Contacts_screen" time="8.007"/>
  <system-out/>
</testsuite> <!-- AutomationTesting.BchatApp.Secret_Group_Chat_Screen_TestCases -->
