<?xml version="1.0" encoding="UTF-8"?>
<!-- Generated by org.testng.reporters.JUnitReportReporter -->
<testsuite hostname="sathish" failures="0" tests="6" name="AutomationTesting.BchatApp.My_Wallet_Screen_TestCases_In_Create_Account_Flow" time="91.759" errors="0" timestamp="2025-10-07T12:54:04 IST" skipped="0">
  <testcase classname="AutomationTesting.BchatApp.My_Wallet_Screen_TestCases_In_Create_Account_Flow" name="PreSetup" time="47.270"/>
  <system-out/>
  <testcase classname="AutomationTesting.BchatApp.My_Wallet_Screen_TestCases_In_Create_Account_Flow" name="To_Validate_whether_user_is_able_to_paste_empty_space_in_Node_port_text_box_in_the_wallet_Node_screen" time="32.361"/>
  <system-out/>
  <testcase classname="AutomationTesting.BchatApp.My_Wallet_Screen_TestCases_In_Create_Account_Flow" name="To_Validate_whether_user_is_able_to_paste_upper_case_letter_in_Node_port_text_box_in_the_wallet_Node_screen" time="2.524"/>
  <system-out/>
  <testcase classname="AutomationTesting.BchatApp.My_Wallet_Screen_TestCases_In_Create_Account_Flow" name="To_Validate_whether_user_is_able_to_paste_alphanumeric_value_in_Node_port_text_box_in_the_wallet_Node_screen" time="4.585"/>
  <system-out/>
  <testcase classname="AutomationTesting.BchatApp.My_Wallet_Screen_TestCases_In_Create_Account_Flow" name="To_Validate_whether_user_is_able_to_paste_long_text_in_Node_port_text_box_in_the_wallet_Node_screen" time="2.921"/>
  <system-out/>
  <testcase classname="AutomationTesting.BchatApp.My_Wallet_Screen_TestCases_In_Create_Account_Flow" name="To_Validate_the_cursor_blinks_and_presence_of_placeholder_in_Node_port_text_box_on_the_wallet_Node_screen" time="2.098"/>
  <system-out/>
</testsuite> <!-- AutomationTesting.BchatApp.My_Wallet_Screen_TestCases_In_Create_Account_Flow -->
