<?xml version="1.0" encoding="UTF-8"?>
<!-- Generated by org.testng.reporters.JUnitReportReporter -->
<testsuite hostname="sathish" failures="0" tests="2" name="AutomationTesting.BchatApp.Join_Social_Group_Screen_TestCases" time="41.389" errors="0" timestamp="2025-07-09T17:09:46 IST" skipped="0">
  <testcase classname="AutomationTesting.BchatApp.Join_Social_Group_Screen_TestCases" name="PreSetup" time="37.593"/>
  <system-out/>
  <testcase classname="AutomationTesting.BchatApp.Join_Social_Group_Screen_TestCases" name="To_validate_the_social_group_URL_text_box_in_Social_group_screen_by_entering_the_alphanumeric_value" time="3.796"/>
  <system-out/>
</testsuite> <!-- AutomationTesting.BchatApp.Join_Social_Group_Screen_TestCases -->
