<?xml version="1.0" encoding="UTF-8"?>
<!-- Generated by org.testng.reporters.JUnitReportReporter -->
<testsuite hostname="sathish" failures="0" tests="6" name="AutomationTesting.BchatApp.One_To_One_Chat_Screen_TestCases" time="99.621" errors="0" timestamp="2025-06-03T16:23:27 IST" skipped="0">
  <testcase classname="AutomationTesting.BchatApp.One_To_One_Chat_Screen_TestCases" name="PreSetup" time="86.167"/>
  <system-out/>
  <testcase classname="AutomationTesting.BchatApp.One_To_One_Chat_Screen_TestCases" name="To_Validate_the_search_contact_text_box_on_the_Send_Contact_screen_by_entering_the_numerical_value" time="8.395"/>
  <system-out/>
  <testcase classname="AutomationTesting.BchatApp.One_To_One_Chat_Screen_TestCases" name="To_Validate_the_search_contact_text_box_on_the_Send_Contact_screen_by_entering_the_alphanumeric_value" time="0.882"/>
  <system-out/>
  <testcase classname="AutomationTesting.BchatApp.One_To_One_Chat_Screen_TestCases" name="To_validate_the_Search_contact_text_box_in_Send_Contact_screen_by_entering_the_alphabets_both_in_uppercase_and_lowercase_letter" time="1.468"/>
  <system-out/>
  <testcase classname="AutomationTesting.BchatApp.One_To_One_Chat_Screen_TestCases" name="To_validate_the_user_is_able_to_enter_a_lenghty_value_in_the_Search_contact_text_box_in_Send_Contact_screen" time="0.824"/>
  <system-out/>
  <testcase classname="AutomationTesting.BchatApp.One_To_One_Chat_Screen_TestCases" name="To_validate_whether_the_paste_option_is_working_on_the_Search_Contact_text_box_in_Send_Contact_screen" time="1.885"/>
  <system-out/>
</testsuite> <!-- AutomationTesting.BchatApp.One_To_One_Chat_Screen_TestCases -->
