<?xml version="1.0" encoding="UTF-8"?>
<!-- Generated by org.testng.reporters.JUnitReportReporter -->
<testsuite hostname="sathish" failures="0" tests="7" name="AutomationTesting.BchatApp.Search_Screen_And_Note_To_Self_Screen_TestCases" time="70.048" errors="0" timestamp="2025-07-25T13:12:04 IST" skipped="0">
  <testcase classname="AutomationTesting.BchatApp.Search_Screen_And_Note_To_Self_Screen_TestCases" name="PreSetup" time="46.959"/>
  <system-out/>
  <testcase classname="AutomationTesting.BchatApp.Search_Screen_And_Note_To_Self_Screen_TestCases" name="To_Validate_the_message_text_box_in_Note_to_self_chat_screen_by_entering_the_alphanumeric_value" time="6.250"/>
  <system-out/>
  <testcase classname="AutomationTesting.BchatApp.Search_Screen_And_Note_To_Self_Screen_TestCases" name="To_Validate_the_message_text_box_in_Note_to_self_chat_screen_by_entering_the_HTML_value" time="3.288"/>
  <system-out/>
  <testcase classname="AutomationTesting.BchatApp.Search_Screen_And_Note_To_Self_Screen_TestCases" name="To_Validate_the_message_text_box_in_Note_to_self_chat_screen_by_entering_the_decimal_value" time="2.616"/>
  <system-out/>
  <testcase classname="AutomationTesting.BchatApp.Search_Screen_And_Note_To_Self_Screen_TestCases" name="To_Validate_if_text_that_was_already_entered_is_displayed_in_message_text_box_in_Note_to_self_chat_screen_after_navigation_to_home_screen_and_back_to_this_screen" time="6.878"/>
  <system-out/>
  <testcase classname="AutomationTesting.BchatApp.Search_Screen_And_Note_To_Self_Screen_TestCases" name="To_Validate_whether_the_cursor_blinks_in_Search_text_box_in_Note_to_self_chat_screen" time="3.647"/>
  <system-out/>
  <testcase classname="AutomationTesting.BchatApp.Search_Screen_And_Note_To_Self_Screen_TestCases" name="To_Validate_the_presence_of_placeholder_in_Search_text_box_in_Note_to_self_chat_screen" time="0.410"/>
  <system-out/>
</testsuite> <!-- AutomationTesting.BchatApp.Search_Screen_And_Note_To_Self_Screen_TestCases -->
