<?xml version="1.0" encoding="UTF-8"?>
<!-- Generated by org.testng.reporters.JUnitReportReporter -->
<testsuite hostname="sathish" failures="0" tests="6" name="AutomationTesting.BchatApp.New_Chat_Screen_TestCases" time="106.018" errors="0" timestamp="2025-07-03T15:17:03 IST" skipped="0">
  <testcase classname="AutomationTesting.BchatApp.New_Chat_Screen_TestCases" name="PreSetup" time="85.152"/>
  <system-out/>
  <testcase classname="AutomationTesting.BchatApp.New_Chat_Screen_TestCases" name="To_validate_if_the_text_already_entered_is_displayed_in_the_Search_text_box_after_closing_and_open_the_search_text_box_in_New_screen" time="6.834"/>
  <system-out/>
  <testcase classname="AutomationTesting.BchatApp.New_Chat_Screen_TestCases" name="To_validate_if_the_text_already_entered_is_displayed_in_the_Search_text_box_after_going_to_home_screen_from_New_screen_and_returning_to_New_screen_from_home_screen" time="7.142"/>
  <system-out/>
  <testcase classname="AutomationTesting.BchatApp.New_Chat_Screen_TestCases" name="To_validate_the_Chat_ID_or_BNS_Name_text_box_in_New_screen_by_entering_the_alphanumeric_value" time="4.304"/>
  <system-out/>
  <testcase classname="AutomationTesting.BchatApp.New_Chat_Screen_TestCases" name="To_validate_the_Chat_ID_or_BNS_Name_text_box_in_New_screen_by_entering_the_decimal_value_To_validate_whether_the_value_entered_in_the_Chat_ID_or_BNS_Name_textbox_of_New_screen_is_editable_and_deleteable" time="1.619"/>
  <system-out/>
  <testcase classname="AutomationTesting.BchatApp.New_Chat_Screen_TestCases" name="To_validate_the_Chat_ID_or_BNS_Name_text_box_in_New_screen_by_entering_the_HTML_characters" time="0.967"/>
  <system-out/>
</testsuite> <!-- AutomationTesting.BchatApp.New_Chat_Screen_TestCases -->
