<?xml version="1.0" encoding="UTF-8"?>
<!-- Generated by org.testng.reporters.JUnitReportReporter -->
<testsuite hostname="sathish" failures="0" tests="2" name="AutomationTesting.BchatApp.Gif_And_Stickers_Screen_TestCases" time="130.727" errors="0" timestamp="2025-03-14T19:33:06 IST" skipped="0">
  <testcase classname="AutomationTesting.BchatApp.Gif_And_Stickers_Screen_TestCases" name="PreSetup" time="107.529"/>
  <testcase classname="AutomationTesting.BchatApp.Gif_And_Stickers_Screen_TestCases" name="To_Validate_working_of_Gif_icon_in_attachments_To_validate_working_of_the_Ok_button_in_search_Gif_popup_To_validate_working_of_back_arrow_in_Gif_and_Stickers_screen" time="23.198"/>
</testsuite> <!-- AutomationTesting.BchatApp.Gif_And_Stickers_Screen_TestCases -->
